# JRE version: Java(TM) SE Runtime Environment (8.0_111-b14) (build 1.8.0_111-b14)
# Java VM: Java HotSpot(TM) Client VM (25.111-b14 mixed mode windows-x86 )
Heap:
 def new generation   total 5696K, used 5247K [0x04800000, 0x04e20000, 0x09d50000)
  eden space 5120K,  91% used [0x04800000, 0x04c91f08, 0x04d00000)
  from space 576K,  98% used [0x04d90000, 0x04e1dd20, 0x04e20000)
  to   space 576K,   0% used [0x04d00000, 0x04d00000, 0x04d90000)
 tenured generation   total 12424K, used 11081K [0x09d50000, 0x0a972000, 0x14800000)
   the space 12424K,  89% used [0x09d50000, 0x0a8225f0, 0x0a822600, 0x0a972000)
 Metaspace       used 13306K, capacity 13555K, committed 13568K, reserved 13696K
GC Heap History (10 events):
Event: 37.401 GC heap before
{Heap before GC invocations=22 (full 1):
 def new generation   total 5696K, used 5393K [0x04800000, 0x04e20000, 0x09d50000)
  eden space 5120K, 100% used [0x04800000, 0x04d00000, 0x04d00000)
  from space 576K,  47% used [0x04d00000, 0x04d44788, 0x04d90000)
  to   space 576K,   0% used [0x04d90000, 0x04d90000, 0x04e20000)
 tenured generation   total 12424K, used 10075K [0x09d50000, 0x0a972000, 0x14800000)
   the space 12424K,  81% used [0x09d50000, 0x0a726d00, 0x0a726e00, 0x0a972000)
 Metaspace       used 13196K, capacity 13426K, committed 13568K, reserved 13696K
Event: 37.404 GC heap after
Heap after GC invocations=23 (full 1):
 def new generation   total 5696K, used 264K [0x04800000, 0x04e20000, 0x09d50000)
  eden space 5120K,   0% used [0x04800000, 0x04800000, 0x04d00000)
  from space 576K,  45% used [0x04d90000, 0x04dd20c0, 0x04e20000)
  to   space 576K,   0% used [0x04d00000, 0x04d00000, 0x04d90000)
 tenured generation   total 12424K, used 10075K [0x09d50000, 0x0a972000, 0x14800000)
   the space 12424K,  81% used [0x09d50000, 0x0a726d00, 0x0a726e00, 0x0a972000)
 Metaspace       used 13196K, capacity 13426K, committed 13568K, reserved 13696K
}
Event: 39.903 GC heap before
{Heap before GC invocations=23 (full 1):
 def new generation   total 5696K, used 5384K [0x04800000, 0x04e20000, 0x09d50000)
  eden space 5120K, 100% used [0x04800000, 0x04d00000, 0x04d00000)
  from space 576K,  45% used [0x04d90000, 0x04dd20c0, 0x04e20000)
  to   space 576K,   0% used [0x04d00000, 0x04d00000, 0x04d90000)
 tenured generation   total 12424K, used 10075K [0x09d50000, 0x0a972000, 0x14800000)
   the space 12424K,  81% used [0x09d50000, 0x0a726d00, 0x0a726e00, 0x0a972000)
 Metaspace       used 13196K, capacity 13426K, committed 13568K, reserved 13696K
Event: 39.906 GC heap after
Heap after GC invocations=24 (full 1):
 def new generation   total 5696K, used 291K [0x04800000, 0x04e20000, 0x09d50000)
  eden space 5120K,   0% used [0x04800000, 0x04800000, 0x04d00000)
  from space 576K,  50% used [0x04d00000, 0x04d48d00, 0x04d90000)
  to   space 576K,   0% used [0x04d90000, 0x04d90000, 0x04e20000)
 tenured generation   total 12424K, used 10075K [0x09d50000, 0x0a972000, 0x14800000)
   the space 12424K,  81% used [0x09d50000, 0x0a726d00, 0x0a726e00, 0x0a972000)
 Metaspace       used 13196K, capacity 13426K, committed 13568K, reserved 13696K
}
Event: 42.758 GC heap before
{Heap before GC invocations=24 (full 1):
 def new generation   total 5696K, used 5402K [0x04800000, 0x04e20000, 0x09d50000)
  eden space 5120K,  99% used [0x04800000, 0x04cfdd68, 0x04d00000)
  from space 576K,  50% used [0x04d00000, 0x04d48d00, 0x04d90000)
  to   space 576K,   0% used [0x04d90000, 0x04d90000, 0x04e20000)
 tenured generation   total 12424K, used 10075K [0x09d50000, 0x0a972000, 0x14800000)
   the space 12424K,  81% used [0x09d50000, 0x0a726d00, 0x0a726e00, 0x0a972000)
 Metaspace       used 13204K, capacity 13428K, committed 13568K, reserved 13696K
Event: 42.763 GC heap after
Heap after GC invocations=25 (full 1):
 def new generation   total 5696K, used 438K [0x04800000, 0x04e20000, 0x09d50000)
  eden space 5120K,   0% used [0x04800000, 0x04800000, 0x04d00000)
  from space 576K,  76% used [0x04d90000, 0x04dfd9d8, 0x04e20000)
  to   space 576K,   0% used [0x04d00000, 0x04d00000, 0x04d90000)
 tenured generation   total 12424K, used 10088K [0x09d50000, 0x0a972000, 0x14800000)
   the space 12424K,  81% used [0x09d50000, 0x0a72a110, 0x0a72a200, 0x0a972000)
 Metaspace       used 13204K, capacity 13428K, committed 13568K, reserved 13696K
}
Event: 45.344 GC heap before
{Heap before GC invocations=25 (full 1):
 def new generation   total 5696K, used 5548K [0x04800000, 0x04e20000, 0x09d50000)
  eden space 5120K,  99% used [0x04800000, 0x04cfd758, 0x04d00000)
  from space 576K,  76% used [0x04d90000, 0x04dfd9d8, 0x04e20000)
  to   space 576K,   0% used [0x04d00000, 0x04d00000, 0x04d90000)
 tenured generation   total 12424K, used 10088K [0x09d50000, 0x0a972000, 0x14800000)
   the space 12424K,  81% used [0x09d50000, 0x0a72a110, 0x0a72a200, 0x0a972000)
 Metaspace       used 13290K, capacity 13523K, committed 13568K, reserved 13696K
Event: 45.349 GC heap after
Heap after GC invocations=26 (full 1):
 def new generation   total 5696K, used 576K [0x04800000, 0x04e20000, 0x09d50000)
  eden space 5120K,   0% used [0x04800000, 0x04800000, 0x04d00000)
  from space 576K, 100% used [0x04d00000, 0x04d90000, 0x04d90000)
  to   space 576K,   0% used [0x04d90000, 0x04d90000, 0x04e20000)
 tenured generation   total 12424K, used 10568K [0x09d50000, 0x0a972000, 0x14800000)
   the space 12424K,  85% used [0x09d50000, 0x0a7a22d8, 0x0a7a2400, 0x0a972000)
 Metaspace       used 13290K, capacity 13523K, committed 13568K, reserved 13696K
}
Event: 47.391 GC heap before
{Heap before GC invocations=26 (full 1):
 def new generation   total 5696K, used 5696K [0x04800000, 0x04e20000, 0x09d50000)
  eden space 5120K, 100% used [0x04800000, 0x04d00000, 0x04d00000)
  from space 576K, 100% used [0x04d00000, 0x04d90000, 0x04d90000)
  to   space 576K,   0% used [0x04d90000, 0x04d90000, 0x04e20000)
 tenured generation   total 12424K, used 10568K [0x09d50000, 0x0a972000, 0x14800000)
   the space 12424K,  85% used [0x09d50000, 0x0a7a22d8, 0x0a7a2400, 0x0a972000)
 Metaspace       used 13303K, capacity 13555K, committed 13568K, reserved 13696K
Event: 47.398 GC heap after
Heap after GC invocations=27 (full 1):
 def new generation   total 5696K, used 567K [0x04800000, 0x04e20000, 0x09d50000)
  eden space 5120K,   0% used [0x04800000, 0x04800000, 0x04d00000)
  from space 576K,  98% used [0x04d90000, 0x04e1dd20, 0x04e20000)
  to   space 576K,   0% used [0x04d00000, 0x04d00000, 0x04d90000)
 tenured generation   total 12424K, used 11081K [0x09d50000, 0x0a972000, 0x14800000)
   the space 12424K,  89% used [0x09d50000, 0x0a8225f0, 0x0a822600, 0x0a972000)
 Metaspace       used 13303K, capacity 13555K, committed 13568K, reserved 13696K
}

