# JRE version: Java(TM) SE Runtime Environment (8.0_111-b14) (build 1.8.0_111-b14)
# Java VM: Java HotSpot(TM) Client VM (25.111-b14 mixed mode windows-x86 )
Heap:
 def new generation   total 5696K, used 4231K [0x04800000, 0x04e20000, 0x09d50000)
  eden space 5120K,  71% used [0x04800000, 0x04b91fb8, 0x04d00000)
  from space 576K, 100% used [0x04d90000, 0x04e20000, 0x04e20000)
  to   space 576K,   0% used [0x04d00000, 0x04d00000, 0x04d90000)
 tenured generation   total 12468K, used 11325K [0x09d50000, 0x0a97d000, 0x14800000)
   the space 12468K,  90% used [0x09d50000, 0x0a85f520, 0x0a85f600, 0x0a97d000)
 Metaspace       used 13311K, capacity 13572K, committed 13696K, reserved 13696K
GC Heap History (10 events):
Event: 37.288 GC heap before
{Heap before GC invocations=23 (full 1):
 def new generation   total 5696K, used 5447K [0x04800000, 0x04e20000, 0x09d50000)
  eden space 5120K, 100% used [0x04800000, 0x04d00000, 0x04d00000)
  from space 576K,  56% used [0x04d00000, 0x04d51f68, 0x04d90000)
  to   space 576K,   0% used [0x04d90000, 0x04d90000, 0x04e20000)
 tenured generation   total 12468K, used 10158K [0x09d50000, 0x0a97d000, 0x14800000)
   the space 12468K,  81% used [0x09d50000, 0x0a73bb40, 0x0a73bc00, 0x0a97d000)
 Metaspace       used 13215K, capacity 13448K, committed 13568K, reserved 13696K
Event: 37.293 GC heap after
Heap after GC invocations=24 (full 1):
 def new generation   total 5696K, used 289K [0x04800000, 0x04e20000, 0x09d50000)
  eden space 5120K,   0% used [0x04800000, 0x04800000, 0x04d00000)
  from space 576K,  50% used [0x04d90000, 0x04dd8488, 0x04e20000)
  to   space 576K,   0% used [0x04d00000, 0x04d00000, 0x04d90000)
 tenured generation   total 12468K, used 10282K [0x09d50000, 0x0a97d000, 0x14800000)
   the space 12468K,  82% used [0x09d50000, 0x0a75abb0, 0x0a75ac00, 0x0a97d000)
 Metaspace       used 13215K, capacity 13448K, committed 13568K, reserved 13696K
}
Event: 39.419 GC heap before
{Heap before GC invocations=24 (full 1):
 def new generation   total 5696K, used 5409K [0x04800000, 0x04e20000, 0x09d50000)
  eden space 5120K, 100% used [0x04800000, 0x04d00000, 0x04d00000)
  from space 576K,  50% used [0x04d90000, 0x04dd8488, 0x04e20000)
  to   space 576K,   0% used [0x04d00000, 0x04d00000, 0x04d90000)
 tenured generation   total 12468K, used 10282K [0x09d50000, 0x0a97d000, 0x14800000)
   the space 12468K,  82% used [0x09d50000, 0x0a75abb0, 0x0a75ac00, 0x0a97d000)
 Metaspace       used 13296K, capacity 13540K, committed 13568K, reserved 13696K
Event: 39.427 GC heap after
Heap after GC invocations=25 (full 1):
 def new generation   total 5696K, used 576K [0x04800000, 0x04e20000, 0x09d50000)
  eden space 5120K,   0% used [0x04800000, 0x04800000, 0x04d00000)
  from space 576K, 100% used [0x04d00000, 0x04d90000, 0x04d90000)
  to   space 576K,   0% used [0x04d90000, 0x04d90000, 0x04e20000)
 tenured generation   total 12468K, used 10737K [0x09d50000, 0x0a97d000, 0x14800000)
   the space 12468K,  86% used [0x09d50000, 0x0a7cc620, 0x0a7cc800, 0x0a97d000)
 Metaspace       used 13296K, capacity 13540K, committed 13568K, reserved 13696K
}
Event: 40.094 GC heap before
{Heap before GC invocations=25 (full 1):
 def new generation   total 5696K, used 5696K [0x04800000, 0x04e20000, 0x09d50000)
  eden space 5120K, 100% used [0x04800000, 0x04d00000, 0x04d00000)
  from space 576K, 100% used [0x04d00000, 0x04d90000, 0x04d90000)
  to   space 576K,   0% used [0x04d90000, 0x04d90000, 0x04e20000)
 tenured generation   total 12468K, used 10737K [0x09d50000, 0x0a97d000, 0x14800000)
   the space 12468K,  86% used [0x09d50000, 0x0a7cc620, 0x0a7cc800, 0x0a97d000)
 Metaspace       used 13296K, capacity 13540K, committed 13568K, reserved 13696K
Event: 40.100 GC heap after
Heap after GC invocations=26 (full 1):
 def new generation   total 5696K, used 239K [0x04800000, 0x04e20000, 0x09d50000)
  eden space 5120K,   0% used [0x04800000, 0x04800000, 0x04d00000)
  from space 576K,  41% used [0x04d90000, 0x04dcbf50, 0x04e20000)
  to   space 576K,   0% used [0x04d00000, 0x04d00000, 0x04d90000)
 tenured generation   total 12468K, used 11276K [0x09d50000, 0x0a97d000, 0x14800000)
   the space 12468K,  90% used [0x09d50000, 0x0a853318, 0x0a853400, 0x0a97d000)
 Metaspace       used 13296K, capacity 13540K, committed 13568K, reserved 13696K
}
Event: 41.085 GC heap before
{Heap before GC invocations=26 (full 1):
 def new generation   total 5696K, used 5359K [0x04800000, 0x04e20000, 0x09d50000)
  eden space 5120K, 100% used [0x04800000, 0x04d00000, 0x04d00000)
  from space 576K,  41% used [0x04d90000, 0x04dcbf50, 0x04e20000)
  to   space 576K,   0% used [0x04d00000, 0x04d00000, 0x04d90000)
 tenured generation   total 12468K, used 11276K [0x09d50000, 0x0a97d000, 0x14800000)
   the space 12468K,  90% used [0x09d50000, 0x0a853318, 0x0a853400, 0x0a97d000)
 Metaspace       used 13309K, capacity 13572K, committed 13696K, reserved 13696K
Event: 41.091 GC heap after
Heap after GC invocations=27 (full 1):
 def new generation   total 5696K, used 450K [0x04800000, 0x04e20000, 0x09d50000)
  eden space 5120K,   0% used [0x04800000, 0x04800000, 0x04d00000)
  from space 576K,  78% used [0x04d00000, 0x04d708e8, 0x04d90000)
  to   space 576K,   0% used [0x04d90000, 0x04d90000, 0x04e20000)
 tenured generation   total 12468K, used 11276K [0x09d50000, 0x0a97d000, 0x14800000)
   the space 12468K,  90% used [0x09d50000, 0x0a853318, 0x0a853400, 0x0a97d000)
 Metaspace       used 13309K, capacity 13572K, committed 13696K, reserved 13696K
}
Event: 42.743 GC heap before
{Heap before GC invocations=27 (full 1):
 def new generation   total 5696K, used 5567K [0x04800000, 0x04e20000, 0x09d50000)
  eden space 5120K,  99% used [0x04800000, 0x04cff560, 0x04d00000)
  from space 576K,  78% used [0x04d00000, 0x04d708e8, 0x04d90000)
  to   space 576K,   0% used [0x04d90000, 0x04d90000, 0x04e20000)
 tenured generation   total 12468K, used 11276K [0x09d50000, 0x0a97d000, 0x14800000)
   the space 12468K,  90% used [0x09d50000, 0x0a853318, 0x0a853400, 0x0a97d000)
 Metaspace       used 13310K, capacity 13572K, committed 13696K, reserved 13696K
Event: 42.749 GC heap after
Heap after GC invocations=28 (full 1):
 def new generation   total 5696K, used 576K [0x04800000, 0x04e20000, 0x09d50000)
  eden space 5120K,   0% used [0x04800000, 0x04800000, 0x04d00000)
  from space 576K, 100% used [0x04d90000, 0x04e20000, 0x04e20000)
  to   space 576K,   0% used [0x04d00000, 0x04d00000, 0x04d90000)
 tenured generation   total 12468K, used 11325K [0x09d50000, 0x0a97d000, 0x14800000)
   the space 12468K,  90% used [0x09d50000, 0x0a85f520, 0x0a85f600, 0x0a97d000)
 Metaspace       used 13310K, capacity 13572K, committed 13696K, reserved 13696K
}

