# JRE version: Java(TM) SE Runtime Environment (8.0_111-b14) (build 1.8.0_111-b14)
# Java VM: Java HotSpot(TM) Client VM (25.111-b14 mixed mode windows-x86 )
Heap:
 def new generation   total 6720K, used 3765K [0x04600000, 0x04d40000, 0x09b50000)
  eden space 6016K,  62% used [0x04600000, 0x049ad6d8, 0x04be0000)
  from space 704K,   0% used [0x04be0000, 0x04be0000, 0x04c90000)
  to   space 704K,   0% used [0x04c90000, 0x04c90000, 0x04d40000)
 tenured generation   total 14752K, used 8849K [0x09b50000, 0x0a9b8000, 0x14600000)
   the space 14752K,  59% used [0x09b50000, 0x0a3f4438, 0x0a3f4600, 0x0a9b8000)
 Metaspace       used 13308K, capacity 13557K, committed 13568K, reserved 13696K
GC Heap History (10 events):
Event: 131.588 GC heap before
{Heap before GC invocations=44 (full 1):
 def new generation   total 5504K, used 5215K [0x04600000, 0x04bf0000, 0x09b50000)
  eden space 4928K, 100% used [0x04600000, 0x04ad0000, 0x04ad0000)
  from space 576K,  49% used [0x04ad0000, 0x04b17de0, 0x04b60000)
  to   space 576K,   0% used [0x04b60000, 0x04b60000, 0x04bf0000)
 tenured generation   total 12092K, used 10752K [0x09b50000, 0x0a71f000, 0x14600000)
   the space 12092K,  88% used [0x09b50000, 0x0a5d0108, 0x0a5d0200, 0x0a71f000)
 Metaspace       used 13241K, capacity 13468K, committed 13568K, reserved 13696K
Event: 131.595 GC heap after
Heap after GC invocations=45 (full 1):
 def new generation   total 5504K, used 558K [0x04600000, 0x04bf0000, 0x09b50000)
  eden space 4928K,   0% used [0x04600000, 0x04600000, 0x04ad0000)
  from space 576K,  96% used [0x04b60000, 0x04beb8b8, 0x04bf0000)
  to   space 576K,   0% used [0x04ad0000, 0x04ad0000, 0x04b60000)
 tenured generation   total 12092K, used 10752K [0x09b50000, 0x0a71f000, 0x14600000)
   the space 12092K,  88% used [0x09b50000, 0x0a5d0108, 0x0a5d0200, 0x0a71f000)
 Metaspace       used 13241K, capacity 13468K, committed 13568K, reserved 13696K
}
Event: 132.181 GC heap before
{Heap before GC invocations=45 (full 1):
 def new generation   total 5504K, used 5486K [0x04600000, 0x04bf0000, 0x09b50000)
  eden space 4928K, 100% used [0x04600000, 0x04ad0000, 0x04ad0000)
  from space 576K,  96% used [0x04b60000, 0x04beb8b8, 0x04bf0000)
  to   space 576K,   0% used [0x04ad0000, 0x04ad0000, 0x04b60000)
 tenured generation   total 12092K, used 10752K [0x09b50000, 0x0a71f000, 0x14600000)
   the space 12092K,  88% used [0x09b50000, 0x0a5d0108, 0x0a5d0200, 0x0a71f000)
 Metaspace       used 13308K, capacity 13557K, committed 13568K, reserved 13696K
Event: 132.187 GC heap after
Heap after GC invocations=46 (full 1):
 def new generation   total 5504K, used 576K [0x04600000, 0x04bf0000, 0x09b50000)
  eden space 4928K,   0% used [0x04600000, 0x04600000, 0x04ad0000)
  from space 576K, 100% used [0x04ad0000, 0x04b60000, 0x04b60000)
  to   space 576K,   0% used [0x04b60000, 0x04b60000, 0x04bf0000)
 tenured generation   total 12092K, used 11287K [0x09b50000, 0x0a71f000, 0x14600000)
   the space 12092K,  93% used [0x09b50000, 0x0a655d90, 0x0a655e00, 0x0a71f000)
 Metaspace       used 13308K, capacity 13557K, committed 13568K, reserved 13696K
}
Event: 132.726 GC heap before
{Heap before GC invocations=46 (full 1):
 def new generation   total 5504K, used 5504K [0x04600000, 0x04bf0000, 0x09b50000)
  eden space 4928K, 100% used [0x04600000, 0x04ad0000, 0x04ad0000)
  from space 576K, 100% used [0x04ad0000, 0x04b60000, 0x04b60000)
  to   space 576K,   0% used [0x04b60000, 0x04b60000, 0x04bf0000)
 tenured generation   total 12092K, used 11287K [0x09b50000, 0x0a71f000, 0x14600000)
   the space 12092K,  93% used [0x09b50000, 0x0a655d90, 0x0a655e00, 0x0a71f000)
 Metaspace       used 13308K, capacity 13557K, committed 13568K, reserved 13696K
Event: 132.730 GC heap after
Heap after GC invocations=47 (full 1):
 def new generation   total 5504K, used 198K [0x04600000, 0x04bf0000, 0x09b50000)
  eden space 4928K,   0% used [0x04600000, 0x04600000, 0x04ad0000)
  from space 576K,  34% used [0x04b60000, 0x04b91bb8, 0x04bf0000)
  to   space 576K,   0% used [0x04ad0000, 0x04ad0000, 0x04b60000)
 tenured generation   total 12092K, used 11816K [0x09b50000, 0x0a71f000, 0x14600000)
   the space 12092K,  97% used [0x09b50000, 0x0a6da1f0, 0x0a6da200, 0x0a71f000)
 Metaspace       used 13308K, capacity 13557K, committed 13568K, reserved 13696K
}
Event: 134.594 GC heap before
{Heap before GC invocations=47 (full 1):
 def new generation   total 5504K, used 5110K [0x04600000, 0x04bf0000, 0x09b50000)
  eden space 4928K,  99% used [0x04600000, 0x04acbf30, 0x04ad0000)
  from space 576K,  34% used [0x04b60000, 0x04b91bb8, 0x04bf0000)
  to   space 576K,   0% used [0x04ad0000, 0x04ad0000, 0x04b60000)
 tenured generation   total 12092K, used 11816K [0x09b50000, 0x0a71f000, 0x14600000)
   the space 12092K,  97% used [0x09b50000, 0x0a6da1f0, 0x0a6da200, 0x0a71f000)
 Metaspace       used 13308K, capacity 13557K, committed 13568K, reserved 13696K
Event: 134.600 GC heap after
Heap after GC invocations=48 (full 1):
 def new generation   total 5504K, used 576K [0x04600000, 0x04bf0000, 0x09b50000)
  eden space 4928K,   0% used [0x04600000, 0x04600000, 0x04ad0000)
  from space 576K, 100% used [0x04ad0000, 0x04b60000, 0x04b60000)
  to   space 576K,   0% used [0x04b60000, 0x04b60000, 0x04bf0000)
 tenured generation   total 12092K, used 11909K [0x09b50000, 0x0a71f000, 0x14600000)
   the space 12092K,  98% used [0x09b50000, 0x0a6f1528, 0x0a6f1600, 0x0a71f000)
 Metaspace       used 13308K, capacity 13557K, committed 13568K, reserved 13696K
}
Event: 135.264 GC heap before
{Heap before GC invocations=48 (full 1):
 def new generation   total 5504K, used 5493K [0x04600000, 0x04bf0000, 0x09b50000)
  eden space 4928K,  99% used [0x04600000, 0x04acd598, 0x04ad0000)
  from space 576K, 100% used [0x04ad0000, 0x04b60000, 0x04b60000)
  to   space 576K,   0% used [0x04b60000, 0x04b60000, 0x04bf0000)
 tenured generation   total 12092K, used 11909K [0x09b50000, 0x0a71f000, 0x14600000)
   the space 12092K,  98% used [0x09b50000, 0x0a6f1528, 0x0a6f1600, 0x0a71f000)
 Metaspace       used 13308K, capacity 13557K, committed 13568K, reserved 13696K
Event: 135.310 GC heap after
Heap after GC invocations=49 (full 2):
 def new generation   total 6720K, used 0K [0x04600000, 0x04d40000, 0x09b50000)
  eden space 6016K,   0% used [0x04600000, 0x04600000, 0x04be0000)
  from space 704K,   0% used [0x04be0000, 0x04be0000, 0x04c90000)
  to   space 704K,   0% used [0x04c90000, 0x04c90000, 0x04d40000)
 tenured generation   total 14752K, used 8849K [0x09b50000, 0x0a9b8000, 0x14600000)
   the space 14752K,  59% used [0x09b50000, 0x0a3f4438, 0x0a3f4600, 0x0a9b8000)
 Metaspace       used 13308K, capacity 13557K, committed 13568K, reserved 13696K
}

