# JRE version: Java(TM) SE Runtime Environment (8.0_111-b14) (build 1.8.0_111-b14)
# Java VM: Java HotSpot(TM) Client VM (25.111-b14 mixed mode windows-x86 )
Heap:
 def new generation   total 5760K, used 5683K [0x04800000, 0x04e40000, 0x09d50000)
  eden space 5120K,  99% used [0x04800000, 0x04cf6a08, 0x04d00000)
  from space 640K,  93% used [0x04da0000, 0x04e36260, 0x04e40000)
  to   space 640K,   0% used [0x04d00000, 0x04d00000, 0x04da0000)
 tenured generation   total 12696K, used 11224K [0x09d50000, 0x0a9b6000, 0x14800000)
   the space 12696K,  88% used [0x09d50000, 0x0a8461c8, 0x0a846200, 0x0a9b6000)
 Metaspace       used 13312K, capacity 13572K, committed 13696K, reserved 13696K
GC Heap History (10 events):
Event: 35.663 GC heap before
{Heap before GC invocations=24 (full 1):
 def new generation   total 5760K, used 5376K [0x04800000, 0x04e40000, 0x09d50000)
  eden space 5120K,  99% used [0x04800000, 0x04cfdf00, 0x04d00000)
  from space 640K,  41% used [0x04d00000, 0x04d42398, 0x04da0000)
  to   space 640K,   0% used [0x04da0000, 0x04da0000, 0x04e40000)
 tenured generation   total 12696K, used 10133K [0x09d50000, 0x0a9b6000, 0x14800000)
   the space 12696K,  79% used [0x09d50000, 0x0a7357b0, 0x0a735800, 0x0a9b6000)
 Metaspace       used 13202K, capacity 13441K, committed 13568K, reserved 13696K
Event: 35.666 GC heap after
Heap after GC invocations=25 (full 1):
 def new generation   total 5760K, used 397K [0x04800000, 0x04e40000, 0x09d50000)
  eden space 5120K,   0% used [0x04800000, 0x04800000, 0x04d00000)
  from space 640K,  62% used [0x04da0000, 0x04e03780, 0x04e40000)
  to   space 640K,   0% used [0x04d00000, 0x04d00000, 0x04da0000)
 tenured generation   total 12696K, used 10133K [0x09d50000, 0x0a9b6000, 0x14800000)
   the space 12696K,  79% used [0x09d50000, 0x0a7357b0, 0x0a735800, 0x0a9b6000)
 Metaspace       used 13202K, capacity 13441K, committed 13568K, reserved 13696K
}
Event: 38.973 GC heap before
{Heap before GC invocations=25 (full 1):
 def new generation   total 5760K, used 5517K [0x04800000, 0x04e40000, 0x09d50000)
  eden space 5120K, 100% used [0x04800000, 0x04d00000, 0x04d00000)
  from space 640K,  62% used [0x04da0000, 0x04e03780, 0x04e40000)
  to   space 640K,   0% used [0x04d00000, 0x04d00000, 0x04da0000)
 tenured generation   total 12696K, used 10133K [0x09d50000, 0x0a9b6000, 0x14800000)
   the space 12696K,  79% used [0x09d50000, 0x0a7357b0, 0x0a735800, 0x0a9b6000)
 Metaspace       used 13297K, capacity 13540K, committed 13568K, reserved 13696K
Event: 38.981 GC heap after
Heap after GC invocations=26 (full 1):
 def new generation   total 5760K, used 640K [0x04800000, 0x04e40000, 0x09d50000)
  eden space 5120K,   0% used [0x04800000, 0x04800000, 0x04d00000)
  from space 640K, 100% used [0x04d00000, 0x04da0000, 0x04da0000)
  to   space 640K,   0% used [0x04da0000, 0x04da0000, 0x04e40000)
 tenured generation   total 12696K, used 10557K [0x09d50000, 0x0a9b6000, 0x14800000)
   the space 12696K,  83% used [0x09d50000, 0x0a79f770, 0x0a79f800, 0x0a9b6000)
 Metaspace       used 13297K, capacity 13540K, committed 13568K, reserved 13696K
}
Event: 39.963 GC heap before
{Heap before GC invocations=26 (full 1):
 def new generation   total 5760K, used 5760K [0x04800000, 0x04e40000, 0x09d50000)
  eden space 5120K, 100% used [0x04800000, 0x04d00000, 0x04d00000)
  from space 640K, 100% used [0x04d00000, 0x04da0000, 0x04da0000)
  to   space 640K,   0% used [0x04da0000, 0x04da0000, 0x04e40000)
 tenured generation   total 12696K, used 10557K [0x09d50000, 0x0a9b6000, 0x14800000)
   the space 12696K,  83% used [0x09d50000, 0x0a79f770, 0x0a79f800, 0x0a9b6000)
 Metaspace       used 13297K, capacity 13540K, committed 13568K, reserved 13696K
Event: 39.968 GC heap after
Heap after GC invocations=27 (full 1):
 def new generation   total 5760K, used 318K [0x04800000, 0x04e40000, 0x09d50000)
  eden space 5120K,   0% used [0x04800000, 0x04800000, 0x04d00000)
  from space 640K,  49% used [0x04da0000, 0x04def9e8, 0x04e40000)
  to   space 640K,   0% used [0x04d00000, 0x04d00000, 0x04da0000)
 tenured generation   total 12696K, used 11151K [0x09d50000, 0x0a9b6000, 0x14800000)
   the space 12696K,  87% used [0x09d50000, 0x0a833c68, 0x0a833e00, 0x0a9b6000)
 Metaspace       used 13297K, capacity 13540K, committed 13568K, reserved 13696K
}
Event: 40.834 GC heap before
{Heap before GC invocations=27 (full 1):
 def new generation   total 5760K, used 5438K [0x04800000, 0x04e40000, 0x09d50000)
  eden space 5120K, 100% used [0x04800000, 0x04d00000, 0x04d00000)
  from space 640K,  49% used [0x04da0000, 0x04def9e8, 0x04e40000)
  to   space 640K,   0% used [0x04d00000, 0x04d00000, 0x04da0000)
 tenured generation   total 12696K, used 11151K [0x09d50000, 0x0a9b6000, 0x14800000)
   the space 12696K,  87% used [0x09d50000, 0x0a833c68, 0x0a833e00, 0x0a9b6000)
 Metaspace       used 13298K, capacity 13540K, committed 13568K, reserved 13696K
Event: 40.837 GC heap after
Heap after GC invocations=28 (full 1):
 def new generation   total 5760K, used 359K [0x04800000, 0x04e40000, 0x09d50000)
  eden space 5120K,   0% used [0x04800000, 0x04800000, 0x04d00000)
  from space 640K,  56% used [0x04d00000, 0x04d59f58, 0x04da0000)
  to   space 640K,   0% used [0x04da0000, 0x04da0000, 0x04e40000)
 tenured generation   total 12696K, used 11151K [0x09d50000, 0x0a9b6000, 0x14800000)
   the space 12696K,  87% used [0x09d50000, 0x0a833c68, 0x0a833e00, 0x0a9b6000)
 Metaspace       used 13298K, capacity 13540K, committed 13568K, reserved 13696K
}
Event: 42.853 GC heap before
{Heap before GC invocations=28 (full 1):
 def new generation   total 5760K, used 5479K [0x04800000, 0x04e40000, 0x09d50000)
  eden space 5120K, 100% used [0x04800000, 0x04d00000, 0x04d00000)
  from space 640K,  56% used [0x04d00000, 0x04d59f58, 0x04da0000)
  to   space 640K,   0% used [0x04da0000, 0x04da0000, 0x04e40000)
 tenured generation   total 12696K, used 11151K [0x09d50000, 0x0a9b6000, 0x14800000)
   the space 12696K,  87% used [0x09d50000, 0x0a833c68, 0x0a833e00, 0x0a9b6000)
 Metaspace       used 13311K, capacity 13572K, committed 13696K, reserved 13696K
Event: 42.857 GC heap after
Heap after GC invocations=29 (full 1):
 def new generation   total 5760K, used 600K [0x04800000, 0x04e40000, 0x09d50000)
  eden space 5120K,   0% used [0x04800000, 0x04800000, 0x04d00000)
  from space 640K,  93% used [0x04da0000, 0x04e36260, 0x04e40000)
  to   space 640K,   0% used [0x04d00000, 0x04d00000, 0x04da0000)
 tenured generation   total 12696K, used 11224K [0x09d50000, 0x0a9b6000, 0x14800000)
   the space 12696K,  88% used [0x09d50000, 0x0a8461c8, 0x0a846200, 0x0a9b6000)
 Metaspace       used 13311K, capacity 13572K, committed 13696K, reserved 13696K
}

