# JRE version: Java(TM) SE Runtime Environment (8.0_111-b14) (build 1.8.0_111-b14)
# Java VM: Java HotSpot(TM) Client VM (25.111-b14 mixed mode windows-x86 )
Heap:
 def new generation   total 5760K, used 4141K [0x04a00000, 0x05040000, 0x09f50000)
  eden space 5120K,  75% used [0x04a00000, 0x04dcc718, 0x04f00000)
  from space 640K,  39% used [0x04f00000, 0x04f3ed78, 0x04fa0000)
  to   space 640K,   0% used [0x04fa0000, 0x04fa0000, 0x05040000)
 tenured generation   total 12704K, used 11635K [0x09f50000, 0x0abb8000, 0x14a00000)
   the space 12704K,  91% used [0x09f50000, 0x0aaacce8, 0x0aaace00, 0x0abb8000)
 Metaspace       used 13323K, capacity 13572K, committed 13696K, reserved 13696K
GC Heap History (10 events):
Event: 372.723 GC heap before
{Heap before GC invocations=76 (full 1):
 def new generation   total 5760K, used 5315K [0x04a00000, 0x05040000, 0x09f50000)
  eden space 5120K, 100% used [0x04a00000, 0x04f00000, 0x04f00000)
  from space 640K,  30% used [0x04fa0000, 0x04fd0f50, 0x05040000)
  to   space 640K,   0% used [0x04f00000, 0x04f00000, 0x04fa0000)
 tenured generation   total 12704K, used 11635K [0x09f50000, 0x0abb8000, 0x14a00000)
   the space 12704K,  91% used [0x09f50000, 0x0aaacce8, 0x0aaace00, 0x0abb8000)
 Metaspace       used 13322K, capacity 13572K, committed 13696K, reserved 13696K
Event: 372.725 GC heap after
Heap after GC invocations=77 (full 1):
 def new generation   total 5760K, used 196K [0x04a00000, 0x05040000, 0x09f50000)
  eden space 5120K,   0% used [0x04a00000, 0x04a00000, 0x04f00000)
  from space 640K,  30% used [0x04f00000, 0x04f31110, 0x04fa0000)
  to   space 640K,   0% used [0x04fa0000, 0x04fa0000, 0x05040000)
 tenured generation   total 12704K, used 11635K [0x09f50000, 0x0abb8000, 0x14a00000)
   the space 12704K,  91% used [0x09f50000, 0x0aaacce8, 0x0aaace00, 0x0abb8000)
 Metaspace       used 13322K, capacity 13572K, committed 13696K, reserved 13696K
}
Event: 388.800 GC heap before
{Heap before GC invocations=77 (full 1):
 def new generation   total 5760K, used 5316K [0x04a00000, 0x05040000, 0x09f50000)
  eden space 5120K, 100% used [0x04a00000, 0x04f00000, 0x04f00000)
  from space 640K,  30% used [0x04f00000, 0x04f31110, 0x04fa0000)
  to   space 640K,   0% used [0x04fa0000, 0x04fa0000, 0x05040000)
 tenured generation   total 12704K, used 11635K [0x09f50000, 0x0abb8000, 0x14a00000)
   the space 12704K,  91% used [0x09f50000, 0x0aaacce8, 0x0aaace00, 0x0abb8000)
 Metaspace       used 13322K, capacity 13572K, committed 13696K, reserved 13696K
Event: 388.802 GC heap after
Heap after GC invocations=78 (full 1):
 def new generation   total 5760K, used 186K [0x04a00000, 0x05040000, 0x09f50000)
  eden space 5120K,   0% used [0x04a00000, 0x04a00000, 0x04f00000)
  from space 640K,  29% used [0x04fa0000, 0x04fcea00, 0x05040000)
  to   space 640K,   0% used [0x04f00000, 0x04f00000, 0x04fa0000)
 tenured generation   total 12704K, used 11635K [0x09f50000, 0x0abb8000, 0x14a00000)
   the space 12704K,  91% used [0x09f50000, 0x0aaacce8, 0x0aaace00, 0x0abb8000)
 Metaspace       used 13322K, capacity 13572K, committed 13696K, reserved 13696K
}
Event: 392.570 GC heap before
{Heap before GC invocations=78 (full 1):
 def new generation   total 5760K, used 5306K [0x04a00000, 0x05040000, 0x09f50000)
  eden space 5120K, 100% used [0x04a00000, 0x04f00000, 0x04f00000)
  from space 640K,  29% used [0x04fa0000, 0x04fcea00, 0x05040000)
  to   space 640K,   0% used [0x04f00000, 0x04f00000, 0x04fa0000)
 tenured generation   total 12704K, used 11635K [0x09f50000, 0x0abb8000, 0x14a00000)
   the space 12704K,  91% used [0x09f50000, 0x0aaacce8, 0x0aaace00, 0x0abb8000)
 Metaspace       used 13322K, capacity 13572K, committed 13696K, reserved 13696K
Event: 392.573 GC heap after
Heap after GC invocations=79 (full 1):
 def new generation   total 5760K, used 189K [0x04a00000, 0x05040000, 0x09f50000)
  eden space 5120K,   0% used [0x04a00000, 0x04a00000, 0x04f00000)
  from space 640K,  29% used [0x04f00000, 0x04f2f4d0, 0x04fa0000)
  to   space 640K,   0% used [0x04fa0000, 0x04fa0000, 0x05040000)
 tenured generation   total 12704K, used 11635K [0x09f50000, 0x0abb8000, 0x14a00000)
   the space 12704K,  91% used [0x09f50000, 0x0aaacce8, 0x0aaace00, 0x0abb8000)
 Metaspace       used 13322K, capacity 13572K, committed 13696K, reserved 13696K
}
Event: 400.266 GC heap before
{Heap before GC invocations=79 (full 1):
 def new generation   total 5760K, used 5309K [0x04a00000, 0x05040000, 0x09f50000)
  eden space 5120K, 100% used [0x04a00000, 0x04f00000, 0x04f00000)
  from space 640K,  29% used [0x04f00000, 0x04f2f4d0, 0x04fa0000)
  to   space 640K,   0% used [0x04fa0000, 0x04fa0000, 0x05040000)
 tenured generation   total 12704K, used 11635K [0x09f50000, 0x0abb8000, 0x14a00000)
   the space 12704K,  91% used [0x09f50000, 0x0aaacce8, 0x0aaace00, 0x0abb8000)
 Metaspace       used 13322K, capacity 13572K, committed 13696K, reserved 13696K
Event: 400.268 GC heap after
Heap after GC invocations=80 (full 1):
 def new generation   total 5760K, used 189K [0x04a00000, 0x05040000, 0x09f50000)
  eden space 5120K,   0% used [0x04a00000, 0x04a00000, 0x04f00000)
  from space 640K,  29% used [0x04fa0000, 0x04fcf790, 0x05040000)
  to   space 640K,   0% used [0x04f00000, 0x04f00000, 0x04fa0000)
 tenured generation   total 12704K, used 11635K [0x09f50000, 0x0abb8000, 0x14a00000)
   the space 12704K,  91% used [0x09f50000, 0x0aaacce8, 0x0aaace00, 0x0abb8000)
 Metaspace       used 13322K, capacity 13572K, committed 13696K, reserved 13696K
}
Event: 402.146 GC heap before
{Heap before GC invocations=80 (full 1):
 def new generation   total 5760K, used 5309K [0x04a00000, 0x05040000, 0x09f50000)
  eden space 5120K, 100% used [0x04a00000, 0x04f00000, 0x04f00000)
  from space 640K,  29% used [0x04fa0000, 0x04fcf790, 0x05040000)
  to   space 640K,   0% used [0x04f00000, 0x04f00000, 0x04fa0000)
 tenured generation   total 12704K, used 11635K [0x09f50000, 0x0abb8000, 0x14a00000)
   the space 12704K,  91% used [0x09f50000, 0x0aaacce8, 0x0aaace00, 0x0abb8000)
 Metaspace       used 13323K, capacity 13572K, committed 13696K, reserved 13696K
Event: 402.149 GC heap after
Heap after GC invocations=81 (full 1):
 def new generation   total 5760K, used 251K [0x04a00000, 0x05040000, 0x09f50000)
  eden space 5120K,   0% used [0x04a00000, 0x04a00000, 0x04f00000)
  from space 640K,  39% used [0x04f00000, 0x04f3ed78, 0x04fa0000)
  to   space 640K,   0% used [0x04fa0000, 0x04fa0000, 0x05040000)
 tenured generation   total 12704K, used 11635K [0x09f50000, 0x0abb8000, 0x14a00000)
   the space 12704K,  91% used [0x09f50000, 0x0aaacce8, 0x0aaace00, 0x0abb8000)
 Metaspace       used 13323K, capacity 13572K, committed 13696K, reserved 13696K
}

