# JRE version: Java(TM) SE Runtime Environment (8.0_111-b14) (build 1.8.0_111-b14)
# Java VM: Java HotSpot(TM) Client VM (25.111-b14 mixed mode windows-x86 )
Heap:
 def new generation   total 5696K, used 821K [0x04600000, 0x04c20000, 0x09b50000)
  eden space 5120K,  10% used [0x04600000, 0x0468ab80, 0x04b00000)
  from space 576K,  46% used [0x04b00000, 0x04b429f0, 0x04b90000)
  to   space 576K,   0% used [0x04b90000, 0x04b90000, 0x04c20000)
 tenured generation   total 12468K, used 11848K [0x09b50000, 0x0a77d000, 0x14600000)
   the space 12468K,  95% used [0x09b50000, 0x0a6e2378, 0x0a6e2400, 0x0a77d000)
 Metaspace       used 13294K, capacity 13530K, committed 13568K, reserved 13696K
GC Heap History (10 events):
Event: 86.586 GC heap before
{Heap before GC invocations=41 (full 1):
 def new generation   total 5696K, used 5152K [0x04600000, 0x04c20000, 0x09b50000)
  eden space 5120K, 100% used [0x04600000, 0x04b00000, 0x04b00000)
  from space 576K,   5% used [0x04b90000, 0x04b980b8, 0x04c20000)
  to   space 576K,   0% used [0x04b00000, 0x04b00000, 0x04b90000)
 tenured generation   total 12468K, used 11848K [0x09b50000, 0x0a77d000, 0x14600000)
   the space 12468K,  95% used [0x09b50000, 0x0a6e2378, 0x0a6e2400, 0x0a77d000)
 Metaspace       used 13293K, capacity 13530K, committed 13568K, reserved 13696K
Event: 86.588 GC heap after
Heap after GC invocations=42 (full 1):
 def new generation   total 5696K, used 70K [0x04600000, 0x04c20000, 0x09b50000)
  eden space 5120K,   0% used [0x04600000, 0x04600000, 0x04b00000)
  from space 576K,  12% used [0x04b00000, 0x04b118f8, 0x04b90000)
  to   space 576K,   0% used [0x04b90000, 0x04b90000, 0x04c20000)
 tenured generation   total 12468K, used 11848K [0x09b50000, 0x0a77d000, 0x14600000)
   the space 12468K,  95% used [0x09b50000, 0x0a6e2378, 0x0a6e2400, 0x0a77d000)
 Metaspace       used 13293K, capacity 13530K, committed 13568K, reserved 13696K
}
Event: 87.303 GC heap before
{Heap before GC invocations=42 (full 1):
 def new generation   total 5696K, used 5186K [0x04600000, 0x04c20000, 0x09b50000)
  eden space 5120K,  99% used [0x04600000, 0x04aff280, 0x04b00000)
  from space 576K,  12% used [0x04b00000, 0x04b118f8, 0x04b90000)
  to   space 576K,   0% used [0x04b90000, 0x04b90000, 0x04c20000)
 tenured generation   total 12468K, used 11848K [0x09b50000, 0x0a77d000, 0x14600000)
   the space 12468K,  95% used [0x09b50000, 0x0a6e2378, 0x0a6e2400, 0x0a77d000)
 Metaspace       used 13294K, capacity 13530K, committed 13568K, reserved 13696K
Event: 87.305 GC heap after
Heap after GC invocations=43 (full 1):
 def new generation   total 5696K, used 183K [0x04600000, 0x04c20000, 0x09b50000)
  eden space 5120K,   0% used [0x04600000, 0x04600000, 0x04b00000)
  from space 576K,  31% used [0x04b90000, 0x04bbdd90, 0x04c20000)
  to   space 576K,   0% used [0x04b00000, 0x04b00000, 0x04b90000)
 tenured generation   total 12468K, used 11848K [0x09b50000, 0x0a77d000, 0x14600000)
   the space 12468K,  95% used [0x09b50000, 0x0a6e2378, 0x0a6e2400, 0x0a77d000)
 Metaspace       used 13294K, capacity 13530K, committed 13568K, reserved 13696K
}
Event: 88.060 GC heap before
{Heap before GC invocations=43 (full 1):
 def new generation   total 5696K, used 5288K [0x04600000, 0x04c20000, 0x09b50000)
  eden space 5120K,  99% used [0x04600000, 0x04afc668, 0x04b00000)
  from space 576K,  31% used [0x04b90000, 0x04bbdd90, 0x04c20000)
  to   space 576K,   0% used [0x04b00000, 0x04b00000, 0x04b90000)
 tenured generation   total 12468K, used 11848K [0x09b50000, 0x0a77d000, 0x14600000)
   the space 12468K,  95% used [0x09b50000, 0x0a6e2378, 0x0a6e2400, 0x0a77d000)
 Metaspace       used 13294K, capacity 13530K, committed 13568K, reserved 13696K
Event: 88.063 GC heap after
Heap after GC invocations=44 (full 1):
 def new generation   total 5696K, used 183K [0x04600000, 0x04c20000, 0x09b50000)
  eden space 5120K,   0% used [0x04600000, 0x04600000, 0x04b00000)
  from space 576K,  31% used [0x04b00000, 0x04b2df40, 0x04b90000)
  to   space 576K,   0% used [0x04b90000, 0x04b90000, 0x04c20000)
 tenured generation   total 12468K, used 11848K [0x09b50000, 0x0a77d000, 0x14600000)
   the space 12468K,  95% used [0x09b50000, 0x0a6e2378, 0x0a6e2400, 0x0a77d000)
 Metaspace       used 13294K, capacity 13530K, committed 13568K, reserved 13696K
}
Event: 88.797 GC heap before
{Heap before GC invocations=44 (full 1):
 def new generation   total 5696K, used 5303K [0x04600000, 0x04c20000, 0x09b50000)
  eden space 5120K, 100% used [0x04600000, 0x04b00000, 0x04b00000)
  from space 576K,  31% used [0x04b00000, 0x04b2df40, 0x04b90000)
  to   space 576K,   0% used [0x04b90000, 0x04b90000, 0x04c20000)
 tenured generation   total 12468K, used 11848K [0x09b50000, 0x0a77d000, 0x14600000)
   the space 12468K,  95% used [0x09b50000, 0x0a6e2378, 0x0a6e2400, 0x0a77d000)
 Metaspace       used 13294K, capacity 13530K, committed 13568K, reserved 13696K
Event: 88.799 GC heap after
Heap after GC invocations=45 (full 1):
 def new generation   total 5696K, used 209K [0x04600000, 0x04c20000, 0x09b50000)
  eden space 5120K,   0% used [0x04600000, 0x04600000, 0x04b00000)
  from space 576K,  36% used [0x04b90000, 0x04bc4448, 0x04c20000)
  to   space 576K,   0% used [0x04b00000, 0x04b00000, 0x04b90000)
 tenured generation   total 12468K, used 11848K [0x09b50000, 0x0a77d000, 0x14600000)
   the space 12468K,  95% used [0x09b50000, 0x0a6e2378, 0x0a6e2400, 0x0a77d000)
 Metaspace       used 13294K, capacity 13530K, committed 13568K, reserved 13696K
}
Event: 89.517 GC heap before
{Heap before GC invocations=45 (full 1):
 def new generation   total 5696K, used 5329K [0x04600000, 0x04c20000, 0x09b50000)
  eden space 5120K, 100% used [0x04600000, 0x04b00000, 0x04b00000)
  from space 576K,  36% used [0x04b90000, 0x04bc4448, 0x04c20000)
  to   space 576K,   0% used [0x04b00000, 0x04b00000, 0x04b90000)
 tenured generation   total 12468K, used 11848K [0x09b50000, 0x0a77d000, 0x14600000)
   the space 12468K,  95% used [0x09b50000, 0x0a6e2378, 0x0a6e2400, 0x0a77d000)
 Metaspace       used 13294K, capacity 13530K, committed 13568K, reserved 13696K
Event: 89.520 GC heap after
Heap after GC invocations=46 (full 1):
 def new generation   total 5696K, used 266K [0x04600000, 0x04c20000, 0x09b50000)
  eden space 5120K,   0% used [0x04600000, 0x04600000, 0x04b00000)
  from space 576K,  46% used [0x04b00000, 0x04b429f0, 0x04b90000)
  to   space 576K,   0% used [0x04b90000, 0x04b90000, 0x04c20000)
 tenured generation   total 12468K, used 11848K [0x09b50000, 0x0a77d000, 0x14600000)
   the space 12468K,  95% used [0x09b50000, 0x0a6e2378, 0x0a6e2400, 0x0a77d000)
 Metaspace       used 13294K, capacity 13530K, committed 13568K, reserved 13696K
}

