# JRE version: Java(TM) SE Runtime Environment (8.0_111-b14) (build 1.8.0_111-b14)
# Java VM: Java HotSpot(TM) Client VM (25.111-b14 mixed mode windows-x86 )
Heap:
 def new generation   total 5760K, used 5292K [0x04600000, 0x04c40000, 0x09b50000)
  eden space 5120K,  99% used [0x04600000, 0x04af9868, 0x04b00000)
  from space 640K,  30% used [0x04ba0000, 0x04bd1820, 0x04c40000)
  to   space 640K,   0% used [0x04b00000, 0x04b00000, 0x04ba0000)
 tenured generation   total 12640K, used 11558K [0x09b50000, 0x0a7a8000, 0x14600000)
   the space 12640K,  91% used [0x09b50000, 0x0a699b40, 0x0a699c00, 0x0a7a8000)
 Metaspace       used 13320K, capacity 13580K, committed 13696K, reserved 13696K
GC Heap History (10 events):
Event: 70.187 GC heap before
{Heap before GC invocations=37 (full 1):
 def new generation   total 5760K, used 5319K [0x04600000, 0x04c40000, 0x09b50000)
  eden space 5120K, 100% used [0x04600000, 0x04b00000, 0x04b00000)
  from space 640K,  31% used [0x04b00000, 0x04b31d30, 0x04ba0000)
  to   space 640K,   0% used [0x04ba0000, 0x04ba0000, 0x04c40000)
 tenured generation   total 12640K, used 11558K [0x09b50000, 0x0a7a8000, 0x14600000)
   the space 12640K,  91% used [0x09b50000, 0x0a699b40, 0x0a699c00, 0x0a7a8000)
 Metaspace       used 13319K, capacity 13580K, committed 13696K, reserved 13696K
Event: 70.190 GC heap after
Heap after GC invocations=38 (full 1):
 def new generation   total 5760K, used 201K [0x04600000, 0x04c40000, 0x09b50000)
  eden space 5120K,   0% used [0x04600000, 0x04600000, 0x04b00000)
  from space 640K,  31% used [0x04ba0000, 0x04bd2400, 0x04c40000)
  to   space 640K,   0% used [0x04b00000, 0x04b00000, 0x04ba0000)
 tenured generation   total 12640K, used 11558K [0x09b50000, 0x0a7a8000, 0x14600000)
   the space 12640K,  91% used [0x09b50000, 0x0a699b40, 0x0a699c00, 0x0a7a8000)
 Metaspace       used 13319K, capacity 13580K, committed 13696K, reserved 13696K
}
Event: 74.426 GC heap before
{Heap before GC invocations=38 (full 1):
 def new generation   total 5760K, used 5321K [0x04600000, 0x04c40000, 0x09b50000)
  eden space 5120K, 100% used [0x04600000, 0x04b00000, 0x04b00000)
  from space 640K,  31% used [0x04ba0000, 0x04bd2400, 0x04c40000)
  to   space 640K,   0% used [0x04b00000, 0x04b00000, 0x04ba0000)
 tenured generation   total 12640K, used 11558K [0x09b50000, 0x0a7a8000, 0x14600000)
   the space 12640K,  91% used [0x09b50000, 0x0a699b40, 0x0a699c00, 0x0a7a8000)
 Metaspace       used 13319K, capacity 13580K, committed 13696K, reserved 13696K
Event: 74.427 GC heap after
Heap after GC invocations=39 (full 1):
 def new generation   total 5760K, used 198K [0x04600000, 0x04c40000, 0x09b50000)
  eden space 5120K,   0% used [0x04600000, 0x04600000, 0x04b00000)
  from space 640K,  31% used [0x04b00000, 0x04b31ba0, 0x04ba0000)
  to   space 640K,   0% used [0x04ba0000, 0x04ba0000, 0x04c40000)
 tenured generation   total 12640K, used 11558K [0x09b50000, 0x0a7a8000, 0x14600000)
   the space 12640K,  91% used [0x09b50000, 0x0a699b40, 0x0a699c00, 0x0a7a8000)
 Metaspace       used 13319K, capacity 13580K, committed 13696K, reserved 13696K
}
Event: 81.659 GC heap before
{Heap before GC invocations=39 (full 1):
 def new generation   total 5760K, used 5318K [0x04600000, 0x04c40000, 0x09b50000)
  eden space 5120K, 100% used [0x04600000, 0x04b00000, 0x04b00000)
  from space 640K,  31% used [0x04b00000, 0x04b31ba0, 0x04ba0000)
  to   space 640K,   0% used [0x04ba0000, 0x04ba0000, 0x04c40000)
 tenured generation   total 12640K, used 11558K [0x09b50000, 0x0a7a8000, 0x14600000)
   the space 12640K,  91% used [0x09b50000, 0x0a699b40, 0x0a699c00, 0x0a7a8000)
 Metaspace       used 13319K, capacity 13580K, committed 13696K, reserved 13696K
Event: 81.660 GC heap after
Heap after GC invocations=40 (full 1):
 def new generation   total 5760K, used 199K [0x04600000, 0x04c40000, 0x09b50000)
  eden space 5120K,   0% used [0x04600000, 0x04600000, 0x04b00000)
  from space 640K,  31% used [0x04ba0000, 0x04bd1e00, 0x04c40000)
  to   space 640K,   0% used [0x04b00000, 0x04b00000, 0x04ba0000)
 tenured generation   total 12640K, used 11558K [0x09b50000, 0x0a7a8000, 0x14600000)
   the space 12640K,  91% used [0x09b50000, 0x0a699b40, 0x0a699c00, 0x0a7a8000)
 Metaspace       used 13319K, capacity 13580K, committed 13696K, reserved 13696K
}
Event: 85.638 GC heap before
{Heap before GC invocations=40 (full 1):
 def new generation   total 5760K, used 5319K [0x04600000, 0x04c40000, 0x09b50000)
  eden space 5120K, 100% used [0x04600000, 0x04b00000, 0x04b00000)
  from space 640K,  31% used [0x04ba0000, 0x04bd1e00, 0x04c40000)
  to   space 640K,   0% used [0x04b00000, 0x04b00000, 0x04ba0000)
 tenured generation   total 12640K, used 11558K [0x09b50000, 0x0a7a8000, 0x14600000)
   the space 12640K,  91% used [0x09b50000, 0x0a699b40, 0x0a699c00, 0x0a7a8000)
 Metaspace       used 13319K, capacity 13580K, committed 13696K, reserved 13696K
Event: 85.640 GC heap after
Heap after GC invocations=41 (full 1):
 def new generation   total 5760K, used 198K [0x04600000, 0x04c40000, 0x09b50000)
  eden space 5120K,   0% used [0x04600000, 0x04600000, 0x04b00000)
  from space 640K,  31% used [0x04b00000, 0x04b31a60, 0x04ba0000)
  to   space 640K,   0% used [0x04ba0000, 0x04ba0000, 0x04c40000)
 tenured generation   total 12640K, used 11558K [0x09b50000, 0x0a7a8000, 0x14600000)
   the space 12640K,  91% used [0x09b50000, 0x0a699b40, 0x0a699c00, 0x0a7a8000)
 Metaspace       used 13319K, capacity 13580K, committed 13696K, reserved 13696K
}
Event: 87.367 GC heap before
{Heap before GC invocations=41 (full 1):
 def new generation   total 5760K, used 5318K [0x04600000, 0x04c40000, 0x09b50000)
  eden space 5120K, 100% used [0x04600000, 0x04b00000, 0x04b00000)
  from space 640K,  31% used [0x04b00000, 0x04b31a60, 0x04ba0000)
  to   space 640K,   0% used [0x04ba0000, 0x04ba0000, 0x04c40000)
 tenured generation   total 12640K, used 11558K [0x09b50000, 0x0a7a8000, 0x14600000)
   the space 12640K,  91% used [0x09b50000, 0x0a699b40, 0x0a699c00, 0x0a7a8000)
 Metaspace       used 13319K, capacity 13580K, committed 13696K, reserved 13696K
Event: 87.368 GC heap after
Heap after GC invocations=42 (full 1):
 def new generation   total 5760K, used 198K [0x04600000, 0x04c40000, 0x09b50000)
  eden space 5120K,   0% used [0x04600000, 0x04600000, 0x04b00000)
  from space 640K,  30% used [0x04ba0000, 0x04bd1820, 0x04c40000)
  to   space 640K,   0% used [0x04b00000, 0x04b00000, 0x04ba0000)
 tenured generation   total 12640K, used 11558K [0x09b50000, 0x0a7a8000, 0x14600000)
   the space 12640K,  91% used [0x09b50000, 0x0a699b40, 0x0a699c00, 0x0a7a8000)
 Metaspace       used 13319K, capacity 13580K, committed 13696K, reserved 13696K
}

