# JRE version: Java(TM) SE Runtime Environment (8.0_111-b14) (build 1.8.0_111-b14)
# Java VM: Java HotSpot(TM) Client VM (25.111-b14 mixed mode windows-x86 )
Heap:
 def new generation   total 5824K, used 858K [0x04800000, 0x04e50000, 0x09d50000)
  eden space 5184K,   9% used [0x04800000, 0x0487cca0, 0x04d10000)
  from space 640K,  56% used [0x04db0000, 0x04e09ba8, 0x04e50000)
  to   space 640K,   0% used [0x04d10000, 0x04d10000, 0x04db0000)
 tenured generation   total 12756K, used 11269K [0x09d50000, 0x0a9c5000, 0x14800000)
   the space 12756K,  88% used [0x09d50000, 0x0a851538, 0x0a851600, 0x0a9c5000)
 Metaspace       used 13306K, capacity 13572K, committed 13696K, reserved 13696K
GC Heap History (10 events):
Event: 41.184 GC heap before
{Heap before GC invocations=24 (full 1):
 def new generation   total 5824K, used 5510K [0x04800000, 0x04e50000, 0x09d50000)
  eden space 5184K, 100% used [0x04800000, 0x04d10000, 0x04d10000)
  from space 640K,  50% used [0x04d10000, 0x04d618e0, 0x04db0000)
  to   space 640K,   0% used [0x04db0000, 0x04db0000, 0x04e50000)
 tenured generation   total 12756K, used 10012K [0x09d50000, 0x0a9c5000, 0x14800000)
   the space 12756K,  78% used [0x09d50000, 0x0a717140, 0x0a717200, 0x0a9c5000)
 Metaspace       used 13209K, capacity 13446K, committed 13568K, reserved 13696K
Event: 41.189 GC heap after
Heap after GC invocations=25 (full 1):
 def new generation   total 5824K, used 444K [0x04800000, 0x04e50000, 0x09d50000)
  eden space 5184K,   0% used [0x04800000, 0x04800000, 0x04d10000)
  from space 640K,  69% used [0x04db0000, 0x04e1f268, 0x04e50000)
  to   space 640K,   0% used [0x04d10000, 0x04d10000, 0x04db0000)
 tenured generation   total 12756K, used 10020K [0x09d50000, 0x0a9c5000, 0x14800000)
   the space 12756K,  78% used [0x09d50000, 0x0a7193d8, 0x0a719400, 0x0a9c5000)
 Metaspace       used 13209K, capacity 13446K, committed 13568K, reserved 13696K
}
Event: 42.755 GC heap before
{Heap before GC invocations=25 (full 1):
 def new generation   total 5824K, used 5628K [0x04800000, 0x04e50000, 0x09d50000)
  eden space 5184K, 100% used [0x04800000, 0x04d10000, 0x04d10000)
  from space 640K,  69% used [0x04db0000, 0x04e1f268, 0x04e50000)
  to   space 640K,   0% used [0x04d10000, 0x04d10000, 0x04db0000)
 tenured generation   total 12756K, used 10020K [0x09d50000, 0x0a9c5000, 0x14800000)
   the space 12756K,  78% used [0x09d50000, 0x0a7193d8, 0x0a719400, 0x0a9c5000)
 Metaspace       used 13242K, capacity 13451K, committed 13568K, reserved 13696K
Event: 42.761 GC heap after
Heap after GC invocations=26 (full 1):
 def new generation   total 5824K, used 640K [0x04800000, 0x04e50000, 0x09d50000)
  eden space 5184K,   0% used [0x04800000, 0x04800000, 0x04d10000)
  from space 640K, 100% used [0x04d10000, 0x04db0000, 0x04db0000)
  to   space 640K,   0% used [0x04db0000, 0x04db0000, 0x04e50000)
 tenured generation   total 12756K, used 10205K [0x09d50000, 0x0a9c5000, 0x14800000)
   the space 12756K,  80% used [0x09d50000, 0x0a747508, 0x0a747600, 0x0a9c5000)
 Metaspace       used 13242K, capacity 13451K, committed 13568K, reserved 13696K
}
Event: 43.592 GC heap before
{Heap before GC invocations=26 (full 1):
 def new generation   total 5824K, used 5824K [0x04800000, 0x04e50000, 0x09d50000)
  eden space 5184K, 100% used [0x04800000, 0x04d10000, 0x04d10000)
  from space 640K, 100% used [0x04d10000, 0x04db0000, 0x04db0000)
  to   space 640K,   0% used [0x04db0000, 0x04db0000, 0x04e50000)
 tenured generation   total 12756K, used 10205K [0x09d50000, 0x0a9c5000, 0x14800000)
   the space 12756K,  80% used [0x09d50000, 0x0a747508, 0x0a747600, 0x0a9c5000)
 Metaspace       used 13303K, capacity 13540K, committed 13568K, reserved 13696K
Event: 43.595 GC heap after
Heap after GC invocations=27 (full 1):
 def new generation   total 5824K, used 541K [0x04800000, 0x04e50000, 0x09d50000)
  eden space 5184K,   0% used [0x04800000, 0x04800000, 0x04d10000)
  from space 640K,  84% used [0x04db0000, 0x04e37690, 0x04e50000)
  to   space 640K,   0% used [0x04d10000, 0x04d10000, 0x04db0000)
 tenured generation   total 12756K, used 10757K [0x09d50000, 0x0a9c5000, 0x14800000)
   the space 12756K,  84% used [0x09d50000, 0x0a7d1720, 0x0a7d1800, 0x0a9c5000)
 Metaspace       used 13303K, capacity 13540K, committed 13568K, reserved 13696K
}
Event: 45.704 GC heap before
{Heap before GC invocations=27 (full 1):
 def new generation   total 5824K, used 5710K [0x04800000, 0x04e50000, 0x09d50000)
  eden space 5184K,  99% used [0x04800000, 0x04d0c3b8, 0x04d10000)
  from space 640K,  84% used [0x04db0000, 0x04e37690, 0x04e50000)
  to   space 640K,   0% used [0x04d10000, 0x04d10000, 0x04db0000)
 tenured generation   total 12756K, used 10757K [0x09d50000, 0x0a9c5000, 0x14800000)
   the space 12756K,  84% used [0x09d50000, 0x0a7d1720, 0x0a7d1800, 0x0a9c5000)
 Metaspace       used 13303K, capacity 13540K, committed 13568K, reserved 13696K
Event: 45.708 GC heap after
Heap after GC invocations=28 (full 1):
 def new generation   total 5824K, used 640K [0x04800000, 0x04e50000, 0x09d50000)
  eden space 5184K,   0% used [0x04800000, 0x04800000, 0x04d10000)
  from space 640K, 100% used [0x04d10000, 0x04db0000, 0x04db0000)
  to   space 640K,   0% used [0x04db0000, 0x04db0000, 0x04e50000)
 tenured generation   total 12756K, used 10849K [0x09d50000, 0x0a9c5000, 0x14800000)
   the space 12756K,  85% used [0x09d50000, 0x0a7e8778, 0x0a7e8800, 0x0a9c5000)
 Metaspace       used 13303K, capacity 13540K, committed 13568K, reserved 13696K
}
Event: 46.699 GC heap before
{Heap before GC invocations=28 (full 1):
 def new generation   total 5824K, used 5824K [0x04800000, 0x04e50000, 0x09d50000)
  eden space 5184K, 100% used [0x04800000, 0x04d10000, 0x04d10000)
  from space 640K, 100% used [0x04d10000, 0x04db0000, 0x04db0000)
  to   space 640K,   0% used [0x04db0000, 0x04db0000, 0x04e50000)
 tenured generation   total 12756K, used 10849K [0x09d50000, 0x0a9c5000, 0x14800000)
   the space 12756K,  85% used [0x09d50000, 0x0a7e8778, 0x0a7e8800, 0x0a9c5000)
 Metaspace       used 13305K, capacity 13572K, committed 13696K, reserved 13696K
Event: 46.702 GC heap after
Heap after GC invocations=29 (full 1):
 def new generation   total 5824K, used 358K [0x04800000, 0x04e50000, 0x09d50000)
  eden space 5184K,   0% used [0x04800000, 0x04800000, 0x04d10000)
  from space 640K,  56% used [0x04db0000, 0x04e09ba8, 0x04e50000)
  to   space 640K,   0% used [0x04d10000, 0x04d10000, 0x04db0000)
 tenured generation   total 12756K, used 11269K [0x09d50000, 0x0a9c5000, 0x14800000)
   the space 12756K,  88% used [0x09d50000, 0x0a851538, 0x0a851600, 0x0a9c5000)
 Metaspace       used 13305K, capacity 13572K, committed 13696K, reserved 13696K
}

