# JRE version: Java(TM) SE Runtime Environment (8.0_111-b14) (build 1.8.0_111-b14)
# Java VM: Java HotSpot(TM) Client VM (25.111-b14 mixed mode windows-x86 )
Heap:
 def new generation   total 5696K, used 957K [0x04800000, 0x04e20000, 0x09d50000)
  eden space 5120K,  13% used [0x04800000, 0x048abc70, 0x04d00000)
  from space 576K,  46% used [0x04d90000, 0x04dd3998, 0x04e20000)
  to   space 576K,   0% used [0x04d00000, 0x04d00000, 0x04d90000)
 tenured generation   total 12364K, used 11765K [0x09d50000, 0x0a963000, 0x14800000)
   the space 12364K,  95% used [0x09d50000, 0x0a8cd6a8, 0x0a8cd800, 0x0a963000)
 Metaspace       used 13304K, capacity 13555K, committed 13568K, reserved 13696K
GC Heap History (10 events):
Event: 44.247 GC heap before
{Heap before GC invocations=24 (full 1):
 def new generation   total 5696K, used 5435K [0x04800000, 0x04e20000, 0x09d50000)
  eden space 5120K, 100% used [0x04800000, 0x04d00000, 0x04d00000)
  from space 576K,  54% used [0x04d00000, 0x04d4eca8, 0x04d90000)
  to   space 576K,   0% used [0x04d90000, 0x04d90000, 0x04e20000)
 tenured generation   total 12364K, used 10051K [0x09d50000, 0x0a963000, 0x14800000)
   the space 12364K,  81% used [0x09d50000, 0x0a720d40, 0x0a720e00, 0x0a963000)
 Metaspace       used 13202K, capacity 13428K, committed 13568K, reserved 13696K
Event: 44.253 GC heap after
Heap after GC invocations=25 (full 1):
 def new generation   total 5696K, used 325K [0x04800000, 0x04e20000, 0x09d50000)
  eden space 5120K,   0% used [0x04800000, 0x04800000, 0x04d00000)
  from space 576K,  56% used [0x04d90000, 0x04de1450, 0x04e20000)
  to   space 576K,   0% used [0x04d00000, 0x04d00000, 0x04d90000)
 tenured generation   total 12364K, used 10178K [0x09d50000, 0x0a963000, 0x14800000)
   the space 12364K,  82% used [0x09d50000, 0x0a740a28, 0x0a740c00, 0x0a963000)
 Metaspace       used 13202K, capacity 13428K, committed 13568K, reserved 13696K
}
Event: 46.716 GC heap before
{Heap before GC invocations=25 (full 1):
 def new generation   total 5696K, used 5445K [0x04800000, 0x04e20000, 0x09d50000)
  eden space 5120K, 100% used [0x04800000, 0x04d00000, 0x04d00000)
  from space 576K,  56% used [0x04d90000, 0x04de1450, 0x04e20000)
  to   space 576K,   0% used [0x04d00000, 0x04d00000, 0x04d90000)
 tenured generation   total 12364K, used 10178K [0x09d50000, 0x0a963000, 0x14800000)
   the space 12364K,  82% used [0x09d50000, 0x0a740a28, 0x0a740c00, 0x0a963000)
 Metaspace       used 13289K, capacity 13523K, committed 13568K, reserved 13696K
Event: 46.720 GC heap after
Heap after GC invocations=26 (full 1):
 def new generation   total 5696K, used 576K [0x04800000, 0x04e20000, 0x09d50000)
  eden space 5120K,   0% used [0x04800000, 0x04800000, 0x04d00000)
  from space 576K, 100% used [0x04d00000, 0x04d90000, 0x04d90000)
  to   space 576K,   0% used [0x04d90000, 0x04d90000, 0x04e20000)
 tenured generation   total 12364K, used 10534K [0x09d50000, 0x0a963000, 0x14800000)
   the space 12364K,  85% used [0x09d50000, 0x0a799b98, 0x0a799c00, 0x0a963000)
 Metaspace       used 13289K, capacity 13523K, committed 13568K, reserved 13696K
}
Event: 47.529 GC heap before
{Heap before GC invocations=26 (full 1):
 def new generation   total 5696K, used 5696K [0x04800000, 0x04e20000, 0x09d50000)
  eden space 5120K, 100% used [0x04800000, 0x04d00000, 0x04d00000)
  from space 576K, 100% used [0x04d00000, 0x04d90000, 0x04d90000)
  to   space 576K,   0% used [0x04d90000, 0x04d90000, 0x04e20000)
 tenured generation   total 12364K, used 10534K [0x09d50000, 0x0a963000, 0x14800000)
   the space 12364K,  85% used [0x09d50000, 0x0a799b98, 0x0a799c00, 0x0a963000)
 Metaspace       used 13302K, capacity 13555K, committed 13568K, reserved 13696K
Event: 47.532 GC heap after
Heap after GC invocations=27 (full 1):
 def new generation   total 5696K, used 346K [0x04800000, 0x04e20000, 0x09d50000)
  eden space 5120K,   0% used [0x04800000, 0x04800000, 0x04d00000)
  from space 576K,  60% used [0x04d90000, 0x04de6b20, 0x04e20000)
  to   space 576K,   0% used [0x04d00000, 0x04d00000, 0x04d90000)
 tenured generation   total 12364K, used 11038K [0x09d50000, 0x0a963000, 0x14800000)
   the space 12364K,  89% used [0x09d50000, 0x0a817b38, 0x0a817c00, 0x0a963000)
 Metaspace       used 13302K, capacity 13555K, committed 13568K, reserved 13696K
}
Event: 49.427 GC heap before
{Heap before GC invocations=27 (full 1):
 def new generation   total 5696K, used 5466K [0x04800000, 0x04e20000, 0x09d50000)
  eden space 5120K, 100% used [0x04800000, 0x04d00000, 0x04d00000)
  from space 576K,  60% used [0x04d90000, 0x04de6b20, 0x04e20000)
  to   space 576K,   0% used [0x04d00000, 0x04d00000, 0x04d90000)
 tenured generation   total 12364K, used 11038K [0x09d50000, 0x0a963000, 0x14800000)
   the space 12364K,  89% used [0x09d50000, 0x0a817b38, 0x0a817c00, 0x0a963000)
 Metaspace       used 13303K, capacity 13555K, committed 13568K, reserved 13696K
Event: 49.433 GC heap after
Heap after GC invocations=28 (full 1):
 def new generation   total 5696K, used 576K [0x04800000, 0x04e20000, 0x09d50000)
  eden space 5120K,   0% used [0x04800000, 0x04800000, 0x04d00000)
  from space 576K, 100% used [0x04d00000, 0x04d90000, 0x04d90000)
  to   space 576K,   0% used [0x04d90000, 0x04d90000, 0x04e20000)
 tenured generation   total 12364K, used 11252K [0x09d50000, 0x0a963000, 0x14800000)
   the space 12364K,  91% used [0x09d50000, 0x0a84d098, 0x0a84d200, 0x0a963000)
 Metaspace       used 13303K, capacity 13555K, committed 13568K, reserved 13696K
}
Event: 50.598 GC heap before
{Heap before GC invocations=28 (full 1):
 def new generation   total 5696K, used 5692K [0x04800000, 0x04e20000, 0x09d50000)
  eden space 5120K,  99% used [0x04800000, 0x04cff1d0, 0x04d00000)
  from space 576K, 100% used [0x04d00000, 0x04d90000, 0x04d90000)
  to   space 576K,   0% used [0x04d90000, 0x04d90000, 0x04e20000)
 tenured generation   total 12364K, used 11252K [0x09d50000, 0x0a963000, 0x14800000)
   the space 12364K,  91% used [0x09d50000, 0x0a84d098, 0x0a84d200, 0x0a963000)
 Metaspace       used 13303K, capacity 13555K, committed 13568K, reserved 13696K
Event: 50.605 GC heap after
Heap after GC invocations=29 (full 1):
 def new generation   total 5696K, used 270K [0x04800000, 0x04e20000, 0x09d50000)
  eden space 5120K,   0% used [0x04800000, 0x04800000, 0x04d00000)
  from space 576K,  46% used [0x04d90000, 0x04dd3998, 0x04e20000)
  to   space 576K,   0% used [0x04d00000, 0x04d00000, 0x04d90000)
 tenured generation   total 12364K, used 11765K [0x09d50000, 0x0a963000, 0x14800000)
   the space 12364K,  95% used [0x09d50000, 0x0a8cd6a8, 0x0a8cd800, 0x0a963000)
 Metaspace       used 13303K, capacity 13555K, committed 13568K, reserved 13696K
}

