# JRE version: Java(TM) SE Runtime Environment (8.0_111-b14) (build 1.8.0_111-b14)
# Java VM: Java HotSpot(TM) Client VM (25.111-b14 mixed mode windows-x86 )
Heap:
 def new generation   total 5760K, used 1559K [0x04600000, 0x04c30000, 0x09b50000)
  eden space 5184K,  18% used [0x04600000, 0x046f5ca0, 0x04b10000)
  from space 576K, 100% used [0x04b10000, 0x04ba0000, 0x04ba0000)
  to   space 576K,   0% used [0x04ba0000, 0x04ba0000, 0x04c30000)
 tenured generation   total 12524K, used 11432K [0x09b50000, 0x0a78b000, 0x14600000)
   the space 12524K,  91% used [0x09b50000, 0x0a67a0e0, 0x0a67a200, 0x0a78b000)
 Metaspace       used 13322K, capacity 13572K, committed 13696K, reserved 13696K
GC Heap History (10 events):
Event: 38.134 GC heap before
{Heap before GC invocations=25 (full 1):
 def new generation   total 5760K, used 5570K [0x04600000, 0x04c30000, 0x09b50000)
  eden space 5184K,  99% used [0x04600000, 0x04b0e3f8, 0x04b10000)
  from space 576K,  68% used [0x04ba0000, 0x04c02698, 0x04c30000)
  to   space 576K,   0% used [0x04b10000, 0x04b10000, 0x04ba0000)
 tenured generation   total 12524K, used 10168K [0x09b50000, 0x0a78b000, 0x14600000)
   the space 12524K,  81% used [0x09b50000, 0x0a53e360, 0x0a53e400, 0x0a78b000)
 Metaspace       used 13303K, capacity 13540K, committed 13568K, reserved 13696K
Event: 38.138 GC heap after
Heap after GC invocations=26 (full 1):
 def new generation   total 5760K, used 576K [0x04600000, 0x04c30000, 0x09b50000)
  eden space 5184K,   0% used [0x04600000, 0x04600000, 0x04b10000)
  from space 576K, 100% used [0x04b10000, 0x04ba0000, 0x04ba0000)
  to   space 576K,   0% used [0x04ba0000, 0x04ba0000, 0x04c30000)
 tenured generation   total 12524K, used 10597K [0x09b50000, 0x0a78b000, 0x14600000)
   the space 12524K,  84% used [0x09b50000, 0x0a5a94f8, 0x0a5a9600, 0x0a78b000)
 Metaspace       used 13303K, capacity 13540K, committed 13568K, reserved 13696K
}
Event: 39.543 GC heap before
{Heap before GC invocations=26 (full 1):
 def new generation   total 5760K, used 5760K [0x04600000, 0x04c30000, 0x09b50000)
  eden space 5184K, 100% used [0x04600000, 0x04b10000, 0x04b10000)
  from space 576K, 100% used [0x04b10000, 0x04ba0000, 0x04ba0000)
  to   space 576K,   0% used [0x04ba0000, 0x04ba0000, 0x04c30000)
 tenured generation   total 12524K, used 10597K [0x09b50000, 0x0a78b000, 0x14600000)
   the space 12524K,  84% used [0x09b50000, 0x0a5a94f8, 0x0a5a9600, 0x0a78b000)
 Metaspace       used 13318K, capacity 13572K, committed 13696K, reserved 13696K
Event: 39.551 GC heap after
Heap after GC invocations=27 (full 1):
 def new generation   total 5760K, used 469K [0x04600000, 0x04c30000, 0x09b50000)
  eden space 5184K,   0% used [0x04600000, 0x04600000, 0x04b10000)
  from space 576K,  81% used [0x04ba0000, 0x04c15738, 0x04c30000)
  to   space 576K,   0% used [0x04b10000, 0x04b10000, 0x04ba0000)
 tenured generation   total 12524K, used 11108K [0x09b50000, 0x0a78b000, 0x14600000)
   the space 12524K,  88% used [0x09b50000, 0x0a629038, 0x0a629200, 0x0a78b000)
 Metaspace       used 13318K, capacity 13572K, committed 13696K, reserved 13696K
}
Event: 40.962 GC heap before
{Heap before GC invocations=27 (full 1):
 def new generation   total 5760K, used 5642K [0x04600000, 0x04c30000, 0x09b50000)
  eden space 5184K,  99% used [0x04600000, 0x04b0d0f0, 0x04b10000)
  from space 576K,  81% used [0x04ba0000, 0x04c15738, 0x04c30000)
  to   space 576K,   0% used [0x04b10000, 0x04b10000, 0x04ba0000)
 tenured generation   total 12524K, used 11108K [0x09b50000, 0x0a78b000, 0x14600000)
   the space 12524K,  88% used [0x09b50000, 0x0a629038, 0x0a629200, 0x0a78b000)
 Metaspace       used 13319K, capacity 13572K, committed 13696K, reserved 13696K
Event: 40.964 GC heap after
Heap after GC invocations=28 (full 1):
 def new generation   total 5760K, used 519K [0x04600000, 0x04c30000, 0x09b50000)
  eden space 5184K,   0% used [0x04600000, 0x04600000, 0x04b10000)
  from space 576K,  90% used [0x04b10000, 0x04b91cd8, 0x04ba0000)
  to   space 576K,   0% used [0x04ba0000, 0x04ba0000, 0x04c30000)
 tenured generation   total 12524K, used 11168K [0x09b50000, 0x0a78b000, 0x14600000)
   the space 12524K,  89% used [0x09b50000, 0x0a638340, 0x0a638400, 0x0a78b000)
 Metaspace       used 13319K, capacity 13572K, committed 13696K, reserved 13696K
}
Event: 41.957 GC heap before
{Heap before GC invocations=28 (full 1):
 def new generation   total 5760K, used 5703K [0x04600000, 0x04c30000, 0x09b50000)
  eden space 5184K, 100% used [0x04600000, 0x04b10000, 0x04b10000)
  from space 576K,  90% used [0x04b10000, 0x04b91cd8, 0x04ba0000)
  to   space 576K,   0% used [0x04ba0000, 0x04ba0000, 0x04c30000)
 tenured generation   total 12524K, used 11168K [0x09b50000, 0x0a78b000, 0x14600000)
   the space 12524K,  89% used [0x09b50000, 0x0a638340, 0x0a638400, 0x0a78b000)
 Metaspace       used 13321K, capacity 13572K, committed 13696K, reserved 13696K
Event: 41.959 GC heap after
Heap after GC invocations=29 (full 1):
 def new generation   total 5760K, used 363K [0x04600000, 0x04c30000, 0x09b50000)
  eden space 5184K,   0% used [0x04600000, 0x04600000, 0x04b10000)
  from space 576K,  63% used [0x04ba0000, 0x04bfac58, 0x04c30000)
  to   space 576K,   0% used [0x04b10000, 0x04b10000, 0x04ba0000)
 tenured generation   total 12524K, used 11274K [0x09b50000, 0x0a78b000, 0x14600000)
   the space 12524K,  90% used [0x09b50000, 0x0a652a18, 0x0a652c00, 0x0a78b000)
 Metaspace       used 13321K, capacity 13572K, committed 13696K, reserved 13696K
}
Event: 43.567 GC heap before
{Heap before GC invocations=29 (full 1):
 def new generation   total 5760K, used 5547K [0x04600000, 0x04c30000, 0x09b50000)
  eden space 5184K, 100% used [0x04600000, 0x04b10000, 0x04b10000)
  from space 576K,  63% used [0x04ba0000, 0x04bfac58, 0x04c30000)
  to   space 576K,   0% used [0x04b10000, 0x04b10000, 0x04ba0000)
 tenured generation   total 12524K, used 11274K [0x09b50000, 0x0a78b000, 0x14600000)
   the space 12524K,  90% used [0x09b50000, 0x0a652a18, 0x0a652c00, 0x0a78b000)
 Metaspace       used 13321K, capacity 13572K, committed 13696K, reserved 13696K
Event: 43.571 GC heap after
Heap after GC invocations=30 (full 1):
 def new generation   total 5760K, used 576K [0x04600000, 0x04c30000, 0x09b50000)
  eden space 5184K,   0% used [0x04600000, 0x04600000, 0x04b10000)
  from space 576K, 100% used [0x04b10000, 0x04ba0000, 0x04ba0000)
  to   space 576K,   0% used [0x04ba0000, 0x04ba0000, 0x04c30000)
 tenured generation   total 12524K, used 11432K [0x09b50000, 0x0a78b000, 0x14600000)
   the space 12524K,  91% used [0x09b50000, 0x0a67a0e0, 0x0a67a200, 0x0a78b000)
 Metaspace       used 13321K, capacity 13572K, committed 13696K, reserved 13696K
}

